Traceback (most recent call last):
  File "C:\Users\gayat\AppData\Local\Programs\Python\Python313\Lib\site-packages\reportlab\pdfbase\pdfmetrics.py", line 698, in getFont
    return _fonts[fontName]
           ~~~~~~^^^^^^^^^^
KeyError: 'ZapfChancery-MediumItalic'

During handling of the above exception, another exception occurred:

Traceback (most recent call last):
  File "C:\Users\gayat\OneDrive\Desktop\jan_24\Analogica-SkillTrack---LMS\STEP_2_Authentication_Role_Based_Backend\course_api.py", line 827, in generate_intern_certificate
    c.setFont("ZapfChancery-MediumItalic", 20)
    ~~~~~~~~~^^^^^^^^^^^^^^^^^^^^^^^^^^^^^^^^^
  File "C:\Users\gayat\AppData\Local\Programs\Python\Python313\Lib\site-packages\reportlab\pdfgen\canvas.py", line 1737, in setFont
    font = pdfmetrics.getFont(self._fontname)
  File "C:\Users\gayat\AppData\Local\Programs\Python\Python313\Lib\site-packages\reportlab\pdfbase\pdfmetrics.py", line 700, in getFont
    return findFontAndRegister(fontName)
  File "C:\Users\gayat\AppData\Local\Programs\Python\Python313\Lib\site-packages\reportlab\pdfbase\pdfmetrics.py", line 682, in findFontAndRegister
    face = getTypeFace(fontName)
  File "C:\Users\gayat\AppData\Local\Programs\Python\Python313\Lib\site-packages\reportlab\pdfbase\pdfmetrics.py", line 639, in getTypeFace
    return _typefaces[faceName]
           ~~~~~~~~~~^^^^^^^^^^
KeyError: 'ZapfChancery-MediumItalic'
